{
  message: 'server Back-End in ambiente undefined protocollo undefined porta undefined',
  level: 'info',
  timestamp: '2023-02-12T16:02:58.260Z'
}
{
  message: 'write EPIPE',
  level: 'error',
  timestamp: '2023-02-12T16:04:07.427Z'
}
{
  message: 'write EPIPE',
  level: 'error',
  timestamp: '2023-02-12T16:04:07.548Z'
}
{
  message: 'write EPIPE',
  level: 'error',
  timestamp: '2023-02-12T16:04:07.699Z'
}
{
  message: 'write EPIPE',
  level: 'error',
  timestamp: '2023-02-12T16:04:07.817Z'
}
{
  message: 'write EPIPE',
  level: 'error',
  timestamp: '2023-02-12T16:04:07.891Z'
}
{
  message: 'write EPIPE',
  level: 'error',
  timestamp: '2023-02-12T16:04:07.988Z'
}
{
  message: 'write EPIPE',
  level: 'error',
  timestamp: '2023-02-12T16:04:08.185Z'
}
{
  message: 'write EPIPE',
  level: 'error',
  timestamp: '2023-02-12T16:04:08.314Z'
}
{
  message: 'write EPIPE',
  level: 'error',
  timestamp: '2023-02-12T16:04:08.452Z'
}
{
  message: 'write EPIPE',
  level: 'error',
  timestamp: '2023-02-12T16:04:08.556Z'
}
{
  message: 'write EPIPE',
  level: 'error',
  timestamp: '2023-02-12T16:04:08.662Z'
}
{
  message: 'write EPIPE',
  level: 'error',
  timestamp: '2023-02-12T16:04:08.744Z'
}
{
  message: 'write EPIPE',
  level: 'error',
  timestamp: '2023-02-12T16:04:08.831Z'
}
{
  message: 'write EPIPE',
  level: 'error',
  timestamp: '2023-02-12T16:04:08.929Z'
}
{
  message: 'write EPIPE',
  level: 'error',
  timestamp: '2023-02-12T16:04:09.055Z'
}
{
  message: 'write EPIPE',
  level: 'error',
  timestamp: '2023-02-12T16:04:09.177Z'
}
{
  message: 'write EPIPE',
  level: 'error',
  timestamp: '2023-02-12T16:04:09.302Z'
}
{
  message: 'write EPIPE',
  level: 'error',
  timestamp: '2023-02-12T16:04:09.423Z'
}
{
  message: 'write EPIPE',
  level: 'error',
  timestamp: '2023-02-12T16:04:09.557Z'
}
{
  message: 'write EPIPE',
  level: 'error',
  timestamp: '2023-02-12T16:04:09.686Z'
}
{
  message: 'write EPIPE',
  level: 'error',
  timestamp: '2023-02-12T16:04:09.819Z'
}
{
  message: 'write EPIPE',
  level: 'error',
  timestamp: '2023-02-12T16:04:09.957Z'
}
{
  message: 'write EPIPE',
  level: 'error',
  timestamp: '2023-02-12T16:04:10.081Z'
}
{
  message: 'write EPIPE',
  level: 'error',
  timestamp: '2023-02-12T16:04:10.215Z'
}
{
  message: 'write EPIPE',
  level: 'error',
  timestamp: '2023-02-12T16:04:10.324Z'
}
{
  message: 'write EPIPE',
  level: 'error',
  timestamp: '2023-02-12T16:04:10.445Z'
}
{
  message: 'write EPIPE',
  level: 'error',
  timestamp: '2023-02-12T16:04:10.565Z'
}
{
  message: 'server Back-End in ambiente undefined protocollo undefined porta undefined',
  level: 'info',
  timestamp: '2023-02-12T16:04:10.671Z'
}
{
  message: 'server Back-End in ambiente undefined protocollo undefined porta undefined',
  level: 'info',
  timestamp: '2023-02-12T16:10:00.312Z'
}
{
  message: 'listen EADDRINUSE: address already in use :::3000',
  level: 'error',
  timestamp: '2023-02-12T16:10:00.315Z'
}
{
  message: 'server Back-End in ambiente undefined protocollo undefined porta undefined',
  level: 'info',
  timestamp: '2023-02-12T16:10:36.546Z'
}
{
  message: 'listen EADDRINUSE: address already in use :::3000',
  level: 'error',
  timestamp: '2023-02-12T16:10:36.560Z'
}
{
  message: 'write EPIPE',
  level: 'error',
  timestamp: '2023-02-12T16:10:48.104Z'
}
{
  message: 'write EPIPE',
  level: 'error',
  timestamp: '2023-02-12T16:10:48.267Z'
}
{
  message: 'write EPIPE',
  level: 'error',
  timestamp: '2023-02-12T16:10:48.662Z'
}
{
  message: 'write EPIPE',
  level: 'error',
  timestamp: '2023-02-12T16:10:57.801Z'
}
{
  message: 'write EPIPE',
  level: 'error',
  timestamp: '2023-02-12T16:10:57.807Z'
}
{
  message: 'write EPIPE',
  level: 'error',
  timestamp: '2023-02-12T16:10:57.844Z'
}
{
  message: 'write EPIPE',
  level: 'error',
  timestamp: '2023-02-12T16:10:57.884Z'
}
{
  message: 'write EPIPE',
  level: 'error',
  timestamp: '2023-02-12T16:13:58.196Z'
}
{
  message: 'write EPIPE',
  level: 'error',
  timestamp: '2023-02-12T16:13:58.355Z'
}
{
  message: 'write EPIPE',
  level: 'error',
  timestamp: '2023-02-12T16:13:58.393Z'
}
{
  message: 'server Back-End in ambiente undefined protocollo undefined porta undefined',
  level: 'info',
  timestamp: '2023-02-12T16:14:22.772Z'
}
{
  message: 'listen EADDRINUSE: address already in use :::3000',
  level: 'error',
  timestamp: '2023-02-12T16:14:22.775Z'
}
{
  message: 'write EPIPE',
  level: 'error',
  timestamp: '2023-02-12T16:14:40.351Z'
}
{
  message: 'write EPIPE',
  level: 'error',
  timestamp: '2023-02-12T16:14:40.468Z'
}
{
  message: 'write EPIPE',
  level: 'error',
  timestamp: '2023-02-12T16:14:40.494Z'
}
{
  message: 'server Back-End in ambiente undefined protocollo undefined porta undefined',
  level: 'info',
  timestamp: '2023-02-12T16:19:03.158Z'
}
{
  message: 'listen EADDRINUSE: address already in use :::3000',
  level: 'error',
  timestamp: '2023-02-12T16:19:03.166Z'
}
{
  message: 'write EPIPE',
  level: 'error',
  timestamp: '2023-02-12T16:19:05.198Z'
}
{
  message: 'write EPIPE',
  level: 'error',
  timestamp: '2023-02-12T16:19:05.357Z'
}
{
  message: 'write EPIPE',
  level: 'error',
  timestamp: '2023-02-12T16:19:05.394Z'
}
{
  message: 'write EPIPE',
  level: 'error',
  timestamp: '2023-02-12T16:19:08.590Z'
}
{
  message: 'write EPIPE',
  level: 'error',
  timestamp: '2023-02-12T16:19:08.885Z'
}
{
  message: 'server Back-End in ambiente undefined protocollo undefined porta undefined',
  level: 'info',
  timestamp: '2023-02-12T16:21:41.554Z'
}
{
  message: 'listen EADDRINUSE: address already in use :::3000',
  level: 'error',
  timestamp: '2023-02-12T16:21:41.556Z'
}
{
  message: 'server Back-End in ambiente undefined protocollo undefined porta undefined',
  level: 'info',
  timestamp: '2023-02-12T17:23:17.231Z'
}
{
  message: 'listen EADDRINUSE: address already in use :::3000',
  level: 'error',
  timestamp: '2023-02-12T17:23:17.237Z'
}
{
  message: 'server Back-End in ambiente undefined protocollo undefined porta undefined',
  level: 'info',
  timestamp: '2023-02-12T17:23:29.353Z'
}
{
  message: 'listen EADDRINUSE: address already in use :::3000',
  level: 'error',
  timestamp: '2023-02-12T17:23:29.357Z'
}
{
  message: 'server Back-End in ambiente undefined protocollo undefined porta undefined',
  level: 'info',
  timestamp: '2023-02-12T17:23:44.790Z'
}
{
  message: 'listen EADDRINUSE: address already in use :::3000',
  level: 'error',
  timestamp: '2023-02-12T17:23:44.797Z'
}
{
  message: 'server Back-End in ambiente undefined protocollo undefined porta undefined',
  level: 'info',
  timestamp: '2023-02-12T18:46:08.433Z'
}
{
  message: 'listen EADDRINUSE: address already in use :::3000',
  level: 'error',
  timestamp: '2023-02-12T18:46:08.435Z'
}
{
  message: 'server Back-End in ambiente undefined protocollo undefined porta undefined',
  level: 'info',
  timestamp: '2023-02-12T18:47:08.814Z'
}
{
  message: 'listen EADDRINUSE: address already in use :::3000',
  level: 'error',
  timestamp: '2023-02-12T18:47:08.816Z'
}
{
  message: 'server Back-End in ambiente undefined protocollo undefined porta undefined',
  level: 'info',
  timestamp: '2023-02-12T18:49:38.905Z'
}
{
  message: 'listen EADDRINUSE: address already in use :::3000',
  level: 'error',
  timestamp: '2023-02-12T18:49:38.909Z'
}
{
  message: 'server Back-End in ambiente undefined protocollo undefined porta undefined',
  level: 'info',
  timestamp: '2023-02-12T18:50:14.214Z'
}
{
  message: 'listen EADDRINUSE: address already in use :::3000',
  level: 'error',
  timestamp: '2023-02-12T18:50:14.217Z'
}
{
  message: 'server Back-End in ambiente undefined protocollo undefined porta undefined',
  level: 'info',
  timestamp: '2023-02-12T18:50:28.258Z'
}
{
  message: 'listen EADDRINUSE: address already in use :::3000',
  level: 'error',
  timestamp: '2023-02-12T18:50:28.261Z'
}
{
  message: 'server Back-End in ambiente undefined protocollo undefined porta undefined',
  level: 'info',
  timestamp: '2023-02-12T18:54:11.047Z'
}
{
  message: 'listen EADDRINUSE: address already in use :::3000',
  level: 'error',
  timestamp: '2023-02-12T18:54:11.050Z'
}
{
  message: 'server Back-End in ambiente undefined protocollo undefined porta undefined',
  level: 'info',
  timestamp: '2023-02-12T19:03:00.032Z'
}
{
  message: 'listen EADDRINUSE: address already in use :::3000',
  level: 'error',
  timestamp: '2023-02-12T19:03:00.036Z'
}
{
  message: 'server Back-End in ambiente undefined protocollo undefined porta undefined',
  level: 'info',
  timestamp: '2023-02-12T19:06:46.888Z'
}
{
  message: 'listen EADDRINUSE: address already in use :::3000',
  level: 'error',
  timestamp: '2023-02-12T19:06:46.891Z'
}
{
  message: "Cannot find module 'C:\\Users\\malte\\WebstormProjects\\GymHub_be\\src/models'\n" +
    'Require stack:\n' +
    '- C:\\Users\\malte\\WebstormProjects\\GymHub_be\\src\\app.ts',
  level: 'error',
  timestamp: '2023-02-12T19:09:33.679Z'
}
{
  message: 'server Back-End in ambiente undefined protocollo undefined porta undefined',
  level: 'info',
  timestamp: '2023-02-12T19:09:35.439Z'
}
{
  message: 'listen EADDRINUSE: address already in use :::3000',
  level: 'error',
  timestamp: '2023-02-12T19:09:35.440Z'
}
{
  message: "Cannot find module 'C:\\Users\\malte\\WebstormProjects\\GymHub_be\\src/models'\n" +
    'Require stack:\n' +
    '- C:\\Users\\malte\\WebstormProjects\\GymHub_be\\src\\app.ts',
  level: 'error',
  timestamp: '2023-02-12T19:16:36.985Z'
}
{
  message: 'server Back-End in ambiente undefined protocollo undefined porta undefined',
  level: 'info',
  timestamp: '2023-02-12T19:16:38.896Z'
}
{
  message: 'listen EADDRINUSE: address already in use :::3000',
  level: 'error',
  timestamp: '2023-02-12T19:16:38.896Z'
}
{
  message: "Cannot find module 'C:\\Users\\malte\\WebstormProjects\\GymHub_be\\src/models'\n" +
    'Require stack:\n' +
    '- C:\\Users\\malte\\WebstormProjects\\GymHub_be\\src\\app.ts',
  level: 'error',
  timestamp: '2023-02-12T19:16:51.718Z'
}
{
  message: 'server Back-End in ambiente undefined protocollo undefined porta undefined',
  level: 'info',
  timestamp: '2023-02-12T19:16:52.990Z'
}
{
  message: 'listen EADDRINUSE: address already in use :::3000',
  level: 'error',
  timestamp: '2023-02-12T19:16:52.991Z'
}
{
  message: "Cannot find module 'C:\\Users\\malte\\WebstormProjects\\GymHub_be\\src/models'\n" +
    'Require stack:\n' +
    '- C:\\Users\\malte\\WebstormProjects\\GymHub_be\\src\\app.ts',
  level: 'error',
  timestamp: '2023-02-12T19:18:32.220Z'
}
{
  message: 'server Back-End in ambiente undefined protocollo undefined porta undefined',
  level: 'info',
  timestamp: '2023-02-12T19:18:33.476Z'
}
{
  message: 'listen EADDRINUSE: address already in use :::3000',
  level: 'error',
  timestamp: '2023-02-12T19:18:33.476Z'
}
{
  message: "Cannot find module 'C:\\Users\\malte\\WebstormProjects\\GymHub_be\\src/models'\n" +
    'Require stack:\n' +
    '- C:\\Users\\malte\\WebstormProjects\\GymHub_be\\src\\app.ts',
  level: 'error',
  timestamp: '2023-02-12T19:24:04.371Z'
}
{
  message: 'server Back-End in ambiente undefined protocollo undefined porta undefined',
  level: 'info',
  timestamp: '2023-02-12T19:24:16.455Z'
}
{
  message: 'listen EADDRINUSE: address already in use :::3000',
  level: 'error',
  timestamp: '2023-02-12T19:24:16.455Z'
}
{
  message: "Cannot find module 'C:\\Users\\malte\\WebstormProjects\\GymHub_be\\src/models'\n" +
    'Require stack:\n' +
    '- C:\\Users\\malte\\WebstormProjects\\GymHub_be\\src\\app.ts',
  level: 'error',
  timestamp: '2023-02-12T19:29:10.919Z'
}
{
  message: 'server Back-End in ambiente undefined protocollo undefined porta undefined',
  level: 'info',
  timestamp: '2023-02-12T19:29:18.738Z'
}
{
  message: 'listen EADDRINUSE: address already in use :::3000',
  level: 'error',
  timestamp: '2023-02-12T19:29:18.739Z'
}
{
  message: 'write EPIPE',
  level: 'error',
  timestamp: '2023-02-12T19:30:35.159Z'
}
{
  message: 'write EPIPE',
  level: 'error',
  timestamp: '2023-02-12T19:30:35.394Z'
}
{
  message: 'write EPIPE',
  level: 'error',
  timestamp: '2023-02-12T19:30:35.708Z'
}
{
  message: 'write EPIPE',
  level: 'error',
  timestamp: '2023-02-12T19:30:38.664Z'
}
{
  message: 'write EPIPE',
  level: 'error',
  timestamp: '2023-02-12T19:30:38.717Z'
}
{
  message: `target: gymhub_test.-.primary: vttablet: rpc error: code = NotFound desc = Table 'gymhub_test.schedas' doesn't exist (errno 1146) (sqlstate 42S02) (CallerID: crs8jhzmow74jsmpf3ga): Sql: "select id, userId, creatorId, createdAt, updatedAt from schedas as scheda where scheda.userId = :scheda_userId limit :vtg1", BindVars: {REDACTED}`,
  level: 'error',
  timestamp: '2023-02-12T19:30:38.868Z'
}
